{"/Users/lizethnunez/Desktop/testMeLi/test-ml-front/src/App.js": {"path":"/Users/lizethnunez/Desktop/testMeLi/test-ml-front/src/App.js","statementMap":{"0":{"start":{"line":9,"column":12},"end":{"line":21,"column":1}},"1":{"start":{"line":10,"column":2},"end":{"line":20,"column":4}}},"fnMap":{"0":{"name":"(anonymous_0)","decl":{"start":{"line":9,"column":12},"end":{"line":9,"column":13}},"loc":{"start":{"line":9,"column":23},"end":{"line":21,"column":1}},"line":9}},"branchMap":{},"s":{"0":2,"1":1},"f":{"0":1},"b":{},"_coverageSchema":"1a1c01bbd47fc00a2c39e90264f33305004495a9","hash":"9c22088997e6d8f775ad07d58971368161ea099d"}
,"/Users/lizethnunez/Desktop/testMeLi/test-ml-front/src/index.js": {"path":"/Users/lizethnunez/Desktop/testMeLi/test-ml-front/src/index.js","statementMap":{"0":{"start":{"line":7,"column":0},"end":{"line":7,"column":58}}},"fnMap":{},"branchMap":{},"s":{"0":1},"f":{},"b":{},"_coverageSchema":"1a1c01bbd47fc00a2c39e90264f33305004495a9","hash":"fc5ce208a44d7d601164cc7be078485ca8aebe93"}
,"/Users/lizethnunez/Desktop/testMeLi/test-ml-front/src/components/Breadcrumb/Breadcrumb.js": {"path":"/Users/lizethnunez/Desktop/testMeLi/test-ml-front/src/components/Breadcrumb/Breadcrumb.js","statementMap":{"0":{"start":{"line":11,"column":19},"end":{"line":43,"column":1}},"1":{"start":{"line":20,"column":28},"end":{"line":22,"column":3}},"2":{"start":{"line":21,"column":4},"end":{"line":21,"column":53}},"3":{"start":{"line":24,"column":2},"end":{"line":42,"column":4}},"4":{"start":{"line":28,"column":10},"end":{"line":28,"column":38}},"5":{"start":{"line":45,"column":0},"end":{"line":47,"column":2}}},"fnMap":{"0":{"name":"(anonymous_0)","decl":{"start":{"line":11,"column":19},"end":{"line":11,"column":20}},"loc":{"start":{"line":13,"column":6},"end":{"line":43,"column":1}},"line":13},"1":{"name":"(anonymous_1)","decl":{"start":{"line":20,"column":28},"end":{"line":20,"column":29}},"loc":{"start":{"line":20,"column":42},"end":{"line":22,"column":3}},"line":20},"2":{"name":"(anonymous_2)","decl":{"start":{"line":27,"column":17},"end":{"line":27,"column":18}},"loc":{"start":{"line":27,"column":23},"end":{"line":29,"column":9}},"line":27}},"branchMap":{"0":{"loc":{"start":{"line":33,"column":7},"end":{"line":40,"column":19}},"type":"cond-expr","locations":[{"start":{"line":33,"column":39},"end":{"line":40,"column":11}},{"start":{"line":40,"column":14},"end":{"line":40,"column":19}}],"line":33}},"s":{"0":7,"1":7,"2":1,"3":7,"4":1,"5":7},"f":{"0":7,"1":1,"2":1},"b":{"0":[2,5]},"_coverageSchema":"1a1c01bbd47fc00a2c39e90264f33305004495a9","hash":"05e979a6c53d60ec178d57858f78209b89261340"}
,"/Users/lizethnunez/Desktop/testMeLi/test-ml-front/src/components/Header/Header.js": {"path":"/Users/lizethnunez/Desktop/testMeLi/test-ml-front/src/components/Header/Header.js","statementMap":{"0":{"start":{"line":10,"column":15},"end":{"line":75,"column":1}},"1":{"start":{"line":17,"column":28},"end":{"line":17,"column":40}},"2":{"start":{"line":23,"column":2},"end":{"line":28,"column":38}},"3":{"start":{"line":24,"column":4},"end":{"line":27,"column":5}},"4":{"start":{"line":25,"column":23},"end":{"line":25,"column":66}},"5":{"start":{"line":26,"column":6},"end":{"line":26,"column":25}},"6":{"start":{"line":35,"column":29},"end":{"line":42,"column":3}},"7":{"start":{"line":36,"column":4},"end":{"line":36,"column":23}},"8":{"start":{"line":37,"column":4},"end":{"line":37,"column":42}},"9":{"start":{"line":37,"column":35},"end":{"line":37,"column":42}},"10":{"start":{"line":38,"column":4},"end":{"line":41,"column":7}},"11":{"start":{"line":44,"column":2},"end":{"line":74,"column":4}},"12":{"start":{"line":62,"column":39},"end":{"line":62,"column":63}},"13":{"start":{"line":77,"column":0},"end":{"line":80,"column":2}}},"fnMap":{"0":{"name":"(anonymous_0)","decl":{"start":{"line":10,"column":15},"end":{"line":10,"column":16}},"loc":{"start":{"line":10,"column":38},"end":{"line":75,"column":1}},"line":10},"1":{"name":"(anonymous_1)","decl":{"start":{"line":23,"column":12},"end":{"line":23,"column":13}},"loc":{"start":{"line":23,"column":18},"end":{"line":28,"column":3}},"line":23},"2":{"name":"(anonymous_2)","decl":{"start":{"line":35,"column":29},"end":{"line":35,"column":30}},"loc":{"start":{"line":35,"column":36},"end":{"line":42,"column":3}},"line":35},"3":{"name":"(anonymous_3)","decl":{"start":{"line":62,"column":32},"end":{"line":62,"column":33}},"loc":{"start":{"line":62,"column":39},"end":{"line":62,"column":63}},"line":62}},"branchMap":{"0":{"loc":{"start":{"line":24,"column":4},"end":{"line":27,"column":5}},"type":"if","locations":[{"start":{"line":24,"column":4},"end":{"line":27,"column":5}},{"start":{"line":24,"column":4},"end":{"line":27,"column":5}}],"line":24},"1":{"loc":{"start":{"line":37,"column":4},"end":{"line":37,"column":42}},"type":"if","locations":[{"start":{"line":37,"column":4},"end":{"line":37,"column":42}},{"start":{"line":37,"column":4},"end":{"line":37,"column":42}}],"line":37}},"s":{"0":5,"1":9,"2":9,"3":5,"4":4,"5":4,"6":9,"7":2,"8":2,"9":1,"10":1,"11":9,"12":1,"13":5},"f":{"0":9,"1":5,"2":2,"3":1},"b":{"0":[4,1],"1":[1,1]},"_coverageSchema":"1a1c01bbd47fc00a2c39e90264f33305004495a9","hash":"8431036355fc00494450955b2752e867205f1ae6"}
,"/Users/lizethnunez/Desktop/testMeLi/test-ml-front/src/pages/Items/Items.js": {"path":"/Users/lizethnunez/Desktop/testMeLi/test-ml-front/src/pages/Items/Items.js","statementMap":{"0":{"start":{"line":9,"column":14},"end":{"line":9,"column":67}},"1":{"start":{"line":9,"column":29},"end":{"line":9,"column":67}}},"fnMap":{"0":{"name":"(anonymous_0)","decl":{"start":{"line":9,"column":14},"end":{"line":9,"column":15}},"loc":{"start":{"line":9,"column":29},"end":{"line":9,"column":67}},"line":9}},"branchMap":{},"s":{"0":3,"1":1},"f":{"0":1},"b":{},"_coverageSchema":"1a1c01bbd47fc00a2c39e90264f33305004495a9","hash":"d342a1a3f797e415bd02f3d5d7174089f4620e1a"}
,"/Users/lizethnunez/Desktop/testMeLi/test-ml-front/src/pages/Items/components/ShowDetail/ShowDetail.js": {"path":"/Users/lizethnunez/Desktop/testMeLi/test-ml-front/src/pages/Items/components/ShowDetail/ShowDetail.js","statementMap":{"0":{"start":{"line":13,"column":19},"end":{"line":127,"column":1}},"1":{"start":{"line":19,"column":38},"end":{"line":19,"column":68}},"2":{"start":{"line":25,"column":26},"end":{"line":25,"column":51}},"3":{"start":{"line":31,"column":2},"end":{"line":44,"column":34}},"4":{"start":{"line":32,"column":4},"end":{"line":34,"column":5}},"5":{"start":{"line":33,"column":6},"end":{"line":33,"column":54}},"6":{"start":{"line":36,"column":15},"end":{"line":38,"column":5}},"7":{"start":{"line":39,"column":4},"end":{"line":43,"column":38}},"8":{"start":{"line":41,"column":8},"end":{"line":41,"column":22}},"9":{"start":{"line":43,"column":24},"end":{"line":43,"column":36}},"10":{"start":{"line":46,"column":16},"end":{"line":46,"column":25}},"11":{"start":{"line":47,"column":27},"end":{"line":47,"column":53}},"12":{"start":{"line":49,"column":2},"end":{"line":126,"column":4}},"13":{"start":{"line":59,"column":22},"end":{"line":67,"column":24}},"14":{"start":{"line":129,"column":0},"end":{"line":131,"column":1}}},"fnMap":{"0":{"name":"(anonymous_0)","decl":{"start":{"line":13,"column":19},"end":{"line":13,"column":20}},"loc":{"start":{"line":13,"column":61},"end":{"line":127,"column":1}},"line":13},"1":{"name":"(anonymous_1)","decl":{"start":{"line":31,"column":12},"end":{"line":31,"column":13}},"loc":{"start":{"line":31,"column":18},"end":{"line":44,"column":3}},"line":31},"2":{"name":"(anonymous_2)","decl":{"start":{"line":40,"column":12},"end":{"line":40,"column":13}},"loc":{"start":{"line":40,"column":26},"end":{"line":42,"column":7}},"line":40},"3":{"name":"(anonymous_3)","decl":{"start":{"line":43,"column":13},"end":{"line":43,"column":14}},"loc":{"start":{"line":43,"column":24},"end":{"line":43,"column":36}},"line":43},"4":{"name":"(anonymous_4)","decl":{"start":{"line":58,"column":35},"end":{"line":58,"column":36}},"loc":{"start":{"line":59,"column":22},"end":{"line":67,"column":24}},"line":59}},"branchMap":{"0":{"loc":{"start":{"line":19,"column":47},"end":{"line":19,"column":67}},"type":"binary-expr","locations":[{"start":{"line":19,"column":47},"end":{"line":19,"column":61}},{"start":{"line":19,"column":65},"end":{"line":19,"column":67}}],"line":19},"1":{"loc":{"start":{"line":25,"column":35},"end":{"line":25,"column":50}},"type":"binary-expr","locations":[{"start":{"line":25,"column":35},"end":{"line":25,"column":42}},{"start":{"line":25,"column":46},"end":{"line":25,"column":50}}],"line":25},"2":{"loc":{"start":{"line":32,"column":4},"end":{"line":34,"column":5}},"type":"if","locations":[{"start":{"line":32,"column":4},"end":{"line":34,"column":5}},{"start":{"line":32,"column":4},"end":{"line":34,"column":5}}],"line":32},"3":{"loc":{"start":{"line":51,"column":7},"end":{"line":124,"column":7}},"type":"binary-expr","locations":[{"start":{"line":51,"column":7},"end":{"line":51,"column":20}},{"start":{"line":52,"column":8},"end":{"line":123,"column":14}}],"line":51},"4":{"loc":{"start":{"line":57,"column":19},"end":{"line":73,"column":19}},"type":"cond-expr","locations":[{"start":{"line":58,"column":20},"end":{"line":68,"column":22}},{"start":{"line":70,"column":20},"end":{"line":72,"column":23}}],"line":57},"5":{"loc":{"start":{"line":89,"column":27},"end":{"line":89,"column":71}},"type":"cond-expr","locations":[{"start":{"line":89,"column":54},"end":{"line":89,"column":61}},{"start":{"line":89,"column":64},"end":{"line":89,"column":71}}],"line":89},"6":{"loc":{"start":{"line":89,"column":97},"end":{"line":89,"column":146}},"type":"cond-expr","locations":[{"start":{"line":89,"column":124},"end":{"line":89,"column":133}},{"start":{"line":89,"column":136},"end":{"line":89,"column":146}}],"line":89},"7":{"loc":{"start":{"line":98,"column":29},"end":{"line":98,"column":83}},"type":"cond-expr","locations":[{"start":{"line":98,"column":57},"end":{"line":98,"column":61}},{"start":{"line":98,"column":64},"end":{"line":98,"column":83}}],"line":98}},"s":{"0":5,"1":8,"2":8,"3":8,"4":6,"5":3,"6":6,"7":6,"8":1,"9":1,"10":8,"11":8,"12":8,"13":4,"14":5},"f":{"0":8,"1":6,"2":1,"3":1,"4":4},"b":{"0":[8,5],"1":[8,5],"2":[3,3],"3":[8,4],"4":[2,2],"5":[2,2],"6":[2,2],"7":[2,2]},"_coverageSchema":"1a1c01bbd47fc00a2c39e90264f33305004495a9","hash":"bc254aa7c5561ee2d0d8119a6527ca098465e3a2"}
,"/Users/lizethnunez/Desktop/testMeLi/test-ml-front/src/pages/Items/components/ShowItems/ShowItems.js": {"path":"/Users/lizethnunez/Desktop/testMeLi/test-ml-front/src/pages/Items/components/ShowItems/ShowItems.js","statementMap":{"0":{"start":{"line":13,"column":18},"end":{"line":134,"column":1}},"1":{"start":{"line":19,"column":28},"end":{"line":19,"column":53}},"2":{"start":{"line":25,"column":38},"end":{"line":25,"column":50}},"3":{"start":{"line":31,"column":2},"end":{"line":42,"column":32}},"4":{"start":{"line":32,"column":4},"end":{"line":41,"column":5}},"5":{"start":{"line":33,"column":20},"end":{"line":33,"column":57}},"6":{"start":{"line":35,"column":6},"end":{"line":40,"column":40}},"7":{"start":{"line":37,"column":10},"end":{"line":37,"column":38}},"8":{"start":{"line":38,"column":10},"end":{"line":38,"column":48}},"9":{"start":{"line":40,"column":26},"end":{"line":40,"column":38}},"10":{"start":{"line":50,"column":34},"end":{"line":57,"column":3}},"11":{"start":{"line":51,"column":4},"end":{"line":56,"column":7}},"12":{"start":{"line":63,"column":4},"end":{"line":65,"column":10}},"13":{"start":{"line":68,"column":2},"end":{"line":133,"column":4}},"14":{"start":{"line":76,"column":18},"end":{"line":84,"column":20}},"15":{"start":{"line":94,"column":12},"end":{"line":128,"column":18}},"16":{"start":{"line":98,"column":18},"end":{"line":98,"column":51}},"17":{"start":{"line":136,"column":0},"end":{"line":138,"column":2}}},"fnMap":{"0":{"name":"(anonymous_0)","decl":{"start":{"line":13,"column":18},"end":{"line":13,"column":19}},"loc":{"start":{"line":13,"column":46},"end":{"line":134,"column":1}},"line":13},"1":{"name":"(anonymous_1)","decl":{"start":{"line":31,"column":12},"end":{"line":31,"column":13}},"loc":{"start":{"line":31,"column":18},"end":{"line":42,"column":3}},"line":31},"2":{"name":"(anonymous_2)","decl":{"start":{"line":36,"column":14},"end":{"line":36,"column":15}},"loc":{"start":{"line":36,"column":41},"end":{"line":39,"column":9}},"line":36},"3":{"name":"(anonymous_3)","decl":{"start":{"line":40,"column":15},"end":{"line":40,"column":16}},"loc":{"start":{"line":40,"column":26},"end":{"line":40,"column":38}},"line":40},"4":{"name":"(anonymous_4)","decl":{"start":{"line":50,"column":34},"end":{"line":50,"column":35}},"loc":{"start":{"line":50,"column":42},"end":{"line":57,"column":3}},"line":50},"5":{"name":"(anonymous_5)","decl":{"start":{"line":75,"column":31},"end":{"line":75,"column":32}},"loc":{"start":{"line":76,"column":18},"end":{"line":84,"column":20}},"line":76},"6":{"name":"(anonymous_6)","decl":{"start":{"line":93,"column":21},"end":{"line":93,"column":22}},"loc":{"start":{"line":94,"column":12},"end":{"line":128,"column":18}},"line":94},"7":{"name":"(anonymous_7)","decl":{"start":{"line":97,"column":25},"end":{"line":97,"column":26}},"loc":{"start":{"line":97,"column":31},"end":{"line":99,"column":17}},"line":97}},"branchMap":{"0":{"loc":{"start":{"line":19,"column":37},"end":{"line":19,"column":52}},"type":"binary-expr","locations":[{"start":{"line":19,"column":37},"end":{"line":19,"column":46}},{"start":{"line":19,"column":50},"end":{"line":19,"column":52}}],"line":19},"1":{"loc":{"start":{"line":32,"column":4},"end":{"line":41,"column":5}},"type":"if","locations":[{"start":{"line":32,"column":4},"end":{"line":41,"column":5}},{"start":{"line":32,"column":4},"end":{"line":41,"column":5}}],"line":32},"2":{"loc":{"start":{"line":74,"column":15},"end":{"line":90,"column":15}},"type":"cond-expr","locations":[{"start":{"line":75,"column":16},"end":{"line":85,"column":18}},{"start":{"line":87,"column":16},"end":{"line":89,"column":19}}],"line":74},"3":{"loc":{"start":{"line":120,"column":25},"end":{"line":120,"column":62}},"type":"cond-expr","locations":[{"start":{"line":120,"column":46},"end":{"line":120,"column":54}},{"start":{"line":120,"column":57},"end":{"line":120,"column":62}}],"line":120}},"s":{"0":5,"1":7,"2":7,"3":7,"4":3,"5":2,"6":2,"7":1,"8":1,"9":1,"10":7,"11":2,"12":7,"13":7,"14":1,"15":4,"16":2,"17":5},"f":{"0":7,"1":3,"2":1,"3":1,"4":2,"5":1,"6":4,"7":2},"b":{"0":[7,5],"1":[2,1],"2":[1,6],"3":[1,3]},"_coverageSchema":"1a1c01bbd47fc00a2c39e90264f33305004495a9","hash":"6b5ca73880f71a2be9a214f7fda699c61bccdee1"}
,"/Users/lizethnunez/Desktop/testMeLi/test-ml-front/src/pages/Items/routes/ItemsRouter.js": {"path":"/Users/lizethnunez/Desktop/testMeLi/test-ml-front/src/pages/Items/routes/ItemsRouter.js","statementMap":{"0":{"start":{"line":17,"column":21},"end":{"line":31,"column":1}},"1":{"start":{"line":18,"column":8},"end":{"line":30,"column":10}},"2":{"start":{"line":32,"column":0},"end":{"line":34,"column":1}}},"fnMap":{"0":{"name":"(anonymous_0)","decl":{"start":{"line":17,"column":21},"end":{"line":17,"column":22}},"loc":{"start":{"line":17,"column":42},"end":{"line":31,"column":1}},"line":17}},"branchMap":{},"s":{"0":4,"1":1,"2":4},"f":{"0":1},"b":{},"_coverageSchema":"1a1c01bbd47fc00a2c39e90264f33305004495a9","hash":"8222a57d04b02aa13beb18cc4c6d14ba126a9223"}
,"/Users/lizethnunez/Desktop/testMeLi/test-ml-front/src/services/ItemService/ItemsService.js": {"path":"/Users/lizethnunez/Desktop/testMeLi/test-ml-front/src/services/ItemService/ItemsService.js","statementMap":{"0":{"start":{"line":7,"column":22},"end":{"line":62,"column":1}},"1":{"start":{"line":16,"column":8},"end":{"line":32,"column":9}},"2":{"start":{"line":17,"column":12},"end":{"line":29,"column":13}},"3":{"start":{"line":18,"column":28},"end":{"line":18,"column":103}},"4":{"start":{"line":19,"column":31},"end":{"line":25,"column":18}},"5":{"start":{"line":26,"column":16},"end":{"line":26,"column":37}},"6":{"start":{"line":28,"column":16},"end":{"line":28,"column":25}},"7":{"start":{"line":31,"column":12},"end":{"line":31,"column":30}},"8":{"start":{"line":42,"column":8},"end":{"line":60,"column":9}},"9":{"start":{"line":43,"column":12},"end":{"line":56,"column":13}},"10":{"start":{"line":44,"column":28},"end":{"line":44,"column":98}},"11":{"start":{"line":45,"column":31},"end":{"line":51,"column":18}},"12":{"start":{"line":53,"column":16},"end":{"line":53,"column":37}},"13":{"start":{"line":55,"column":16},"end":{"line":55,"column":25}},"14":{"start":{"line":59,"column":12},"end":{"line":59,"column":30}}},"fnMap":{"0":{"name":"(anonymous_0)","decl":{"start":{"line":15,"column":27},"end":{"line":15,"column":28}},"loc":{"start":{"line":15,"column":44},"end":{"line":33,"column":5}},"line":15},"1":{"name":"(anonymous_1)","decl":{"start":{"line":41,"column":19},"end":{"line":41,"column":20}},"loc":{"start":{"line":41,"column":33},"end":{"line":61,"column":5}},"line":41}},"branchMap":{"0":{"loc":{"start":{"line":17,"column":12},"end":{"line":29,"column":13}},"type":"if","locations":[{"start":{"line":17,"column":12},"end":{"line":29,"column":13}},{"start":{"line":17,"column":12},"end":{"line":29,"column":13}}],"line":17},"1":{"loc":{"start":{"line":43,"column":12},"end":{"line":56,"column":13}},"type":"if","locations":[{"start":{"line":43,"column":12},"end":{"line":56,"column":13}},{"start":{"line":43,"column":12},"end":{"line":56,"column":13}}],"line":43}},"s":{"0":7,"1":4,"2":4,"3":2,"4":2,"5":1,"6":2,"7":1,"8":8,"9":8,"10":6,"11":6,"12":1,"13":2,"14":1},"f":{"0":4,"1":8},"b":{"0":[2,2],"1":[6,2]},"_coverageSchema":"1a1c01bbd47fc00a2c39e90264f33305004495a9","hash":"d7b3152d2c1489ecb93cbbdc3cb88865fd7e72c6"}
}
