TN:
SF:src/App.js
FN:9,(anonymous_0)
FNF:1
FNH:1
FNDA:1,(anonymous_0)
DA:9,2
DA:10,1
LF:2
LH:2
BRF:0
BRH:0
end_of_record
TN:
SF:src/index.js
FNF:0
FNH:0
DA:7,1
LF:1
LH:1
BRF:0
BRH:0
end_of_record
TN:
SF:src/components/Breadcrumb/Breadcrumb.js
FN:11,(anonymous_0)
FN:20,(anonymous_1)
FN:27,(anonymous_2)
FNF:3
FNH:3
FNDA:7,(anonymous_0)
FNDA:1,(anonymous_1)
FNDA:1,(anonymous_2)
DA:11,7
DA:20,7
DA:21,1
DA:24,7
DA:28,1
DA:45,7
LF:6
LH:6
BRDA:33,0,0,2
BRDA:33,0,1,5
BRF:2
BRH:2
end_of_record
TN:
SF:src/components/Header/Header.js
FN:10,(anonymous_0)
FN:23,(anonymous_1)
FN:35,(anonymous_2)
FN:62,(anonymous_3)
FNF:4
FNH:4
FNDA:9,(anonymous_0)
FNDA:5,(anonymous_1)
FNDA:2,(anonymous_2)
FNDA:1,(anonymous_3)
DA:10,5
DA:17,9
DA:23,9
DA:24,5
DA:25,4
DA:26,4
DA:35,9
DA:36,2
DA:37,2
DA:38,1
DA:44,9
DA:62,1
DA:77,5
LF:13
LH:13
BRDA:24,0,0,4
BRDA:24,0,1,1
BRDA:37,1,0,1
BRDA:37,1,1,1
BRF:4
BRH:4
end_of_record
TN:
SF:src/pages/Items/Items.js
FN:9,(anonymous_0)
FNF:1
FNH:1
FNDA:1,(anonymous_0)
DA:9,3
LF:1
LH:1
BRF:0
BRH:0
end_of_record
TN:
SF:src/pages/Items/components/ShowDetail/ShowDetail.js
FN:13,(anonymous_0)
FN:31,(anonymous_1)
FN:40,(anonymous_2)
FN:43,(anonymous_3)
FN:58,(anonymous_4)
FNF:5
FNH:5
FNDA:8,(anonymous_0)
FNDA:6,(anonymous_1)
FNDA:1,(anonymous_2)
FNDA:1,(anonymous_3)
FNDA:4,(anonymous_4)
DA:13,5
DA:19,8
DA:25,8
DA:31,8
DA:32,6
DA:33,3
DA:36,6
DA:39,6
DA:41,1
DA:43,1
DA:46,8
DA:47,8
DA:49,8
DA:59,4
DA:129,5
LF:15
LH:15
BRDA:19,0,0,8
BRDA:19,0,1,5
BRDA:25,1,0,8
BRDA:25,1,1,5
BRDA:32,2,0,3
BRDA:32,2,1,3
BRDA:51,3,0,8
BRDA:51,3,1,4
BRDA:57,4,0,2
BRDA:57,4,1,2
BRDA:89,5,0,2
BRDA:89,5,1,2
BRDA:89,6,0,2
BRDA:89,6,1,2
BRDA:98,7,0,2
BRDA:98,7,1,2
BRF:16
BRH:16
end_of_record
TN:
SF:src/pages/Items/components/ShowItems/ShowItems.js
FN:13,(anonymous_0)
FN:31,(anonymous_1)
FN:36,(anonymous_2)
FN:40,(anonymous_3)
FN:50,(anonymous_4)
FN:75,(anonymous_5)
FN:93,(anonymous_6)
FN:97,(anonymous_7)
FNF:8
FNH:8
FNDA:7,(anonymous_0)
FNDA:3,(anonymous_1)
FNDA:1,(anonymous_2)
FNDA:1,(anonymous_3)
FNDA:2,(anonymous_4)
FNDA:1,(anonymous_5)
FNDA:4,(anonymous_6)
FNDA:2,(anonymous_7)
DA:13,5
DA:19,7
DA:25,7
DA:31,7
DA:32,3
DA:33,2
DA:35,2
DA:37,1
DA:38,1
DA:40,1
DA:50,7
DA:51,2
DA:63,7
DA:68,7
DA:76,1
DA:94,4
DA:98,2
DA:136,5
LF:18
LH:18
BRDA:19,0,0,7
BRDA:19,0,1,5
BRDA:32,1,0,2
BRDA:32,1,1,1
BRDA:74,2,0,1
BRDA:74,2,1,6
BRDA:120,3,0,1
BRDA:120,3,1,3
BRF:8
BRH:8
end_of_record
TN:
SF:src/pages/Items/routes/ItemsRouter.js
FN:17,(anonymous_0)
FNF:1
FNH:1
FNDA:1,(anonymous_0)
DA:17,4
DA:18,1
DA:32,4
LF:3
LH:3
BRF:0
BRH:0
end_of_record
TN:
SF:src/services/ItemService/ItemsService.js
FN:15,(anonymous_0)
FN:41,(anonymous_1)
FNF:2
FNH:2
FNDA:4,(anonymous_0)
FNDA:8,(anonymous_1)
DA:7,7
DA:16,4
DA:17,4
DA:18,2
DA:19,2
DA:26,1
DA:28,2
DA:31,1
DA:42,8
DA:43,8
DA:44,6
DA:45,6
DA:53,1
DA:55,2
DA:59,1
LF:15
LH:15
BRDA:17,0,0,2
BRDA:17,0,1,2
BRDA:43,1,0,6
BRDA:43,1,1,2
BRF:4
BRH:4
end_of_record
